<?xml version="1.0" encoding="UTF-8"?>
<testsuite name="com.binchoi.book.springboot.web.dto.HelloResponseDtoTest" tests="1" skipped="0" failures="0" errors="0" timestamp="2022-03-09T16:30:42" hostname="Bins-Macbook-Pro.local" time="0.045">
  <properties/>
  <testcase name="롬복_기능_테스트" classname="com.binchoi.book.springboot.web.dto.HelloResponseDtoTest" time="0.045"/>
  <system-out><![CDATA[]]></system-out>
  <system-err><![CDATA[]]></system-err>
</testsuite>
