<?xml version="1.0" encoding="UTF-8"?>
<testsuite name="com.binchoi.book.springboot.web.HelloControllerTest" tests="2" skipped="0" failures="0" errors="0" timestamp="2022-03-09T16:30:53" hostname="Bins-Macbook-Pro.local" time="0.151">
  <properties/>
  <testcase name="hello가_리턴된다" classname="com.binchoi.book.springboot.web.HelloControllerTest" time="0.081"/>
  <testcase name="helloDto가_리턴된다" classname="com.binchoi.book.springboot.web.HelloControllerTest" time="0.066"/>
  <system-out><![CDATA[2022-03-09 18:30:52.477  INFO 13952 --- [    Test worker] .b.t.a.w.s.WebMvcTestContextBootstrapper : Neither @ContextConfiguration nor @ContextHierarchy found for test class [com.binchoi.book.springboot.web.HelloControllerTest], using SpringBootContextLoader
2022-03-09 18:30:52.480  INFO 13952 --- [    Test worker] o.s.t.c.support.AbstractContextLoader    : Could not detect default resource locations for test class [com.binchoi.book.springboot.web.HelloControllerTest]: no resource found for suffixes {-context.xml, Context.groovy}.
2022-03-09 18:30:52.481  INFO 13952 --- [    Test worker] t.c.s.AnnotationConfigContextLoaderUtils : Could not detect default configuration classes for test class [com.binchoi.book.springboot.web.HelloControllerTest]: HelloControllerTest does not declare any static, non-private, non-final, nested classes annotated with @Configuration.
2022-03-09 18:30:52.539  INFO 13952 --- [    Test worker] .b.t.c.SpringBootTestContextBootstrapper : Found @SpringBootConfiguration com.binchoi.book.springboot.Application for test class com.binchoi.book.springboot.web.HelloControllerTest
2022-03-09 18:30:52.543  INFO 13952 --- [    Test worker] .b.t.a.w.s.WebMvcTestContextBootstrapper : Loaded default TestExecutionListener class names from location [META-INF/spring.factories]: [org.springframework.security.test.context.support.WithSecurityContextTestExecutionListener, org.springframework.security.test.context.support.ReactorContextTestExecutionListener, org.springframework.boot.test.autoconfigure.restdocs.RestDocsTestExecutionListener, org.springframework.boot.test.autoconfigure.web.client.MockRestServiceServerResetTestExecutionListener, org.springframework.boot.test.autoconfigure.web.servlet.MockMvcPrintOnlyOnFailureTestExecutionListener, org.springframework.boot.test.autoconfigure.web.servlet.WebDriverTestExecutionListener, org.springframework.boot.test.mock.mockito.MockitoTestExecutionListener, org.springframework.boot.test.mock.mockito.ResetMocksTestExecutionListener, org.springframework.test.context.web.ServletTestExecutionListener, org.springframework.test.context.support.DirtiesContextBeforeModesTestExecutionListener, org.springframework.test.context.support.DependencyInjectionTestExecutionListener, org.springframework.test.context.support.DirtiesContextTestExecutionListener, org.springframework.test.context.transaction.TransactionalTestExecutionListener, org.springframework.test.context.jdbc.SqlScriptsTestExecutionListener]
2022-03-09 18:30:52.545  INFO 13952 --- [    Test worker] .b.t.a.w.s.WebMvcTestContextBootstrapper : Using TestExecutionListeners: [org.springframework.test.context.web.ServletTestExecutionListener@75b88946, org.springframework.test.context.support.DirtiesContextBeforeModesTestExecutionListener@48bed7a2, org.springframework.boot.test.mock.mockito.MockitoTestExecutionListener@1fa9a1ce, org.springframework.boot.test.autoconfigure.SpringBootDependencyInjectionTestExecutionListener@7f062664, org.springframework.test.context.support.DirtiesContextTestExecutionListener@4ec5727b, org.springframework.test.context.transaction.TransactionalTestExecutionListener@7078afc6, org.springframework.test.context.jdbc.SqlScriptsTestExecutionListener@228dd7d6, org.springframework.security.test.context.support.WithSecurityContextTestExecutionListener@6c76e0e5, org.springframework.security.test.context.support.ReactorContextTestExecutionListener@9c501ba, org.springframework.boot.test.autoconfigure.restdocs.RestDocsTestExecutionListener@3c7699db, org.springframework.boot.test.autoconfigure.web.client.MockRestServiceServerResetTestExecutionListener@7009dae4, org.springframework.boot.test.autoconfigure.web.servlet.MockMvcPrintOnlyOnFailureTestExecutionListener@2b237dc8, org.springframework.boot.test.autoconfigure.web.servlet.WebDriverTestExecutionListener@aca71c7, org.springframework.boot.test.mock.mockito.ResetMocksTestExecutionListener@27a9904]

  .   ____          _            __ _ _
 /\\ / ___'_ __ _ _(_)_ __  __ _ \ \ \ \
( ( )\___ | '_ | '_| | '_ \/ _` | \ \ \ \
 \\/  ___)| |_)| | | | | || (_| |  ) ) ) )
  '  |____| .__|_| |_|_| |_\__, | / / / /
 =========|_|==============|___/=/_/_/_/
 :: Spring Boot ::        (v2.1.7.RELEASE)

2022-03-09 18:30:52.614  INFO 13952 --- [    Test worker] c.b.b.s.web.HelloControllerTest          : Starting HelloControllerTest on Bins-Macbook-Pro.local with PID 13952 (started by binchoi in /Users/binchoi/Documents/general-work/self-study/backend-dev/my-springboot2-webservice)
2022-03-09 18:30:52.617  INFO 13952 --- [    Test worker] c.b.b.s.web.HelloControllerTest          : The following profiles are active: oauth
2022-03-09 18:30:53.374  INFO 13952 --- [    Test worker] o.s.s.concurrent.ThreadPoolTaskExecutor  : Initializing ExecutorService 'applicationTaskExecutor'
2022-03-09 18:30:53.422  INFO 13952 --- [    Test worker] o.s.b.a.w.s.WelcomePageHandlerMapping    : Adding welcome page template: index
2022-03-09 18:30:53.611  INFO 13952 --- [    Test worker] .s.s.UserDetailsServiceAutoConfiguration : 

Using generated security password: 63f59097-f465-4c30-957b-f5ab928ac1c4

2022-03-09 18:30:53.747  INFO 13952 --- [    Test worker] o.s.s.web.DefaultSecurityFilterChain     : Creating filter chain: any request, [org.springframework.security.web.context.request.async.WebAsyncManagerIntegrationFilter@6e8fa0ef, org.springframework.security.web.context.SecurityContextPersistenceFilter@1031bce2, org.springframework.security.web.header.HeaderWriterFilter@e57d616, org.springframework.security.web.csrf.CsrfFilter@4c76121a, org.springframework.security.web.authentication.logout.LogoutFilter@4ad4dad4, org.springframework.security.web.authentication.UsernamePasswordAuthenticationFilter@32b47869, org.springframework.security.web.authentication.ui.DefaultLoginPageGeneratingFilter@5b39269d, org.springframework.security.web.authentication.ui.DefaultLogoutPageGeneratingFilter@3053bc07, org.springframework.security.web.authentication.www.BasicAuthenticationFilter@317990e0, org.springframework.security.web.savedrequest.RequestCacheAwareFilter@76263730, org.springframework.security.web.servletapi.SecurityContextHolderAwareRequestFilter@4671a884, org.springframework.security.web.authentication.AnonymousAuthenticationFilter@4d50d47d, org.springframework.security.web.session.SessionManagementFilter@72cdf304, org.springframework.security.web.access.ExceptionTranslationFilter@463418ac, org.springframework.security.web.access.intercept.FilterSecurityInterceptor@32f9db03]
2022-03-09 18:30:53.830  INFO 13952 --- [    Test worker] o.s.b.t.m.w.SpringBootMockServletContext : Initializing Spring TestDispatcherServlet ''
2022-03-09 18:30:53.831  INFO 13952 --- [    Test worker] o.s.t.web.servlet.TestDispatcherServlet  : Initializing Servlet ''
2022-03-09 18:30:53.861  INFO 13952 --- [    Test worker] o.s.t.web.servlet.TestDispatcherServlet  : Completed initialization in 30 ms
2022-03-09 18:30:53.923  INFO 13952 --- [    Test worker] c.b.b.s.web.HelloControllerTest          : Started HelloControllerTest in 1.367 seconds (JVM running for 11.755)
]]></system-out>
  <system-err><![CDATA[]]></system-err>
</testsuite>
