<?xml version="1.0" encoding="UTF-8"?>
<testsuite name="com.binchoi.book.springboot.web.PostsApiControllerTest" tests="2" skipped="0" failures="0" errors="0" timestamp="2022-03-09T16:30:57" hostname="Bins-Macbook-Pro.local" time="0.201">
  <properties/>
  <testcase name="Posts_등록된다" classname="com.binchoi.book.springboot.web.PostsApiControllerTest" time="0.148"/>
  <testcase name="Posts_수정된다" classname="com.binchoi.book.springboot.web.PostsApiControllerTest" time="0.045"/>
  <system-out><![CDATA[2022-03-09 18:30:57.162  INFO 13952 --- [    Test worker] .b.t.c.SpringBootTestContextBootstrapper : Neither @ContextConfiguration nor @ContextHierarchy found for test class [com.binchoi.book.springboot.web.PostsApiControllerTest], using SpringBootContextLoader
2022-03-09 18:30:57.166  INFO 13952 --- [    Test worker] o.s.t.c.support.AbstractContextLoader    : Could not detect default resource locations for test class [com.binchoi.book.springboot.web.PostsApiControllerTest]: no resource found for suffixes {-context.xml, Context.groovy}.
2022-03-09 18:30:57.166  INFO 13952 --- [    Test worker] t.c.s.AnnotationConfigContextLoaderUtils : Could not detect default configuration classes for test class [com.binchoi.book.springboot.web.PostsApiControllerTest]: PostsApiControllerTest does not declare any static, non-private, non-final, nested classes annotated with @Configuration.
2022-03-09 18:30:57.174  INFO 13952 --- [    Test worker] .b.t.c.SpringBootTestContextBootstrapper : Found @SpringBootConfiguration com.binchoi.book.springboot.Application for test class com.binchoi.book.springboot.web.PostsApiControllerTest
2022-03-09 18:30:57.182  INFO 13952 --- [    Test worker] .b.t.c.SpringBootTestContextBootstrapper : Loaded default TestExecutionListener class names from location [META-INF/spring.factories]: [org.springframework.security.test.context.support.WithSecurityContextTestExecutionListener, org.springframework.security.test.context.support.ReactorContextTestExecutionListener, org.springframework.boot.test.autoconfigure.restdocs.RestDocsTestExecutionListener, org.springframework.boot.test.autoconfigure.web.client.MockRestServiceServerResetTestExecutionListener, org.springframework.boot.test.autoconfigure.web.servlet.MockMvcPrintOnlyOnFailureTestExecutionListener, org.springframework.boot.test.autoconfigure.web.servlet.WebDriverTestExecutionListener, org.springframework.boot.test.mock.mockito.MockitoTestExecutionListener, org.springframework.boot.test.mock.mockito.ResetMocksTestExecutionListener, org.springframework.test.context.web.ServletTestExecutionListener, org.springframework.test.context.support.DirtiesContextBeforeModesTestExecutionListener, org.springframework.test.context.support.DependencyInjectionTestExecutionListener, org.springframework.test.context.support.DirtiesContextTestExecutionListener, org.springframework.test.context.transaction.TransactionalTestExecutionListener, org.springframework.test.context.jdbc.SqlScriptsTestExecutionListener]
2022-03-09 18:30:57.185  INFO 13952 --- [    Test worker] .b.t.c.SpringBootTestContextBootstrapper : Using TestExecutionListeners: [org.springframework.test.context.web.ServletTestExecutionListener@64040a00, org.springframework.test.context.support.DirtiesContextBeforeModesTestExecutionListener@2f6b439c, org.springframework.boot.test.mock.mockito.MockitoTestExecutionListener@bf8086f, org.springframework.boot.test.autoconfigure.SpringBootDependencyInjectionTestExecutionListener@3dc57ea3, org.springframework.test.context.support.DirtiesContextTestExecutionListener@79d52711, org.springframework.test.context.transaction.TransactionalTestExecutionListener@cd7fc14, org.springframework.test.context.jdbc.SqlScriptsTestExecutionListener@47a73691, org.springframework.security.test.context.support.WithSecurityContextTestExecutionListener@518178a0, org.springframework.security.test.context.support.ReactorContextTestExecutionListener@1bc202e, org.springframework.boot.test.autoconfigure.restdocs.RestDocsTestExecutionListener@32384b51, org.springframework.boot.test.autoconfigure.web.client.MockRestServiceServerResetTestExecutionListener@4cd5f039, org.springframework.boot.test.autoconfigure.web.servlet.MockMvcPrintOnlyOnFailureTestExecutionListener@164bc57b, org.springframework.boot.test.autoconfigure.web.servlet.WebDriverTestExecutionListener@76163acc, org.springframework.boot.test.mock.mockito.ResetMocksTestExecutionListener@604959c]
2022-03-09 18:30:57.218  INFO 13952 --- [    Test worker] o.a.c.c.C.[Tomcat].[localhost].[/]       : Initializing Spring TestDispatcherServlet ''
2022-03-09 18:30:57.218  INFO 13952 --- [    Test worker] o.s.t.web.servlet.TestDispatcherServlet  : Initializing Servlet ''
2022-03-09 18:30:57.220  INFO 13952 --- [    Test worker] o.s.t.web.servlet.TestDispatcherServlet  : Completed initialization in 2 ms
Hibernate: insert into posts (created_date, modified_date, author, content, title) values (?, ?, ?, ?, ?)
Hibernate: select posts0_.id as id1_0_, posts0_.created_date as created_2_0_, posts0_.modified_date as modified3_0_, posts0_.author as author4_0_, posts0_.content as content5_0_, posts0_.title as title6_0_ from posts posts0_
Hibernate: select posts0_.id as id1_0_, posts0_.created_date as created_2_0_, posts0_.modified_date as modified3_0_, posts0_.author as author4_0_, posts0_.content as content5_0_, posts0_.title as title6_0_ from posts posts0_
Hibernate: delete from posts where id=?
2022-03-09 18:30:57.363  INFO 13952 --- [    Test worker] o.a.c.c.C.[Tomcat].[localhost].[/]       : Initializing Spring TestDispatcherServlet ''
2022-03-09 18:30:57.364  INFO 13952 --- [    Test worker] o.s.t.web.servlet.TestDispatcherServlet  : Initializing Servlet ''
2022-03-09 18:30:57.365  INFO 13952 --- [    Test worker] o.s.t.web.servlet.TestDispatcherServlet  : Completed initialization in 1 ms
Hibernate: insert into posts (created_date, modified_date, author, content, title) values (?, ?, ?, ?, ?)
Hibernate: select posts0_.id as id1_0_0_, posts0_.created_date as created_2_0_0_, posts0_.modified_date as modified3_0_0_, posts0_.author as author4_0_0_, posts0_.content as content5_0_0_, posts0_.title as title6_0_0_ from posts posts0_ where posts0_.id=?
Hibernate: update posts set created_date=?, modified_date=?, author=?, content=?, title=? where id=?
Hibernate: select posts0_.id as id1_0_, posts0_.created_date as created_2_0_, posts0_.modified_date as modified3_0_, posts0_.author as author4_0_, posts0_.content as content5_0_, posts0_.title as title6_0_ from posts posts0_
Hibernate: select posts0_.id as id1_0_, posts0_.created_date as created_2_0_, posts0_.modified_date as modified3_0_, posts0_.author as author4_0_, posts0_.content as content5_0_, posts0_.title as title6_0_ from posts posts0_
Hibernate: delete from posts where id=?
]]></system-out>
  <system-err><![CDATA[]]></system-err>
</testsuite>
